2022-06-07T15:09:06+00:00 CRITICAL Uncaught TypeError: call_user_func(): Argument #1 ($callback) must be a valid callback, non-static method Astra_Builder_Header::header_woo_cart() cannot be called statically in C:\xampp\htdocs\wp-movement-sports\wp-includes\customize\class-wp-customize-partial.php:221
Stack trace:
#0 C:\xampp\htdocs\wp-movement-sports\wp-includes\customize\class-wp-customize-selective-refresh.php(371): WP_Customize_Partial->render(Array)
#1 C:\xampp\htdocs\wp-movement-sports\wp-includes\class-wp-hook.php(307): WP_Customize_Selective_Refresh->handle_render_partials_request('')
#2 C:\xampp\htdocs\wp-movement-sports\wp-includes\class-wp-hook.php(331): WP_Hook->apply_filters(NULL, Array)
#3 C:\xampp\htdocs\wp-movement-sports\wp-includes\plugin.php(476): WP_Hook->do_action(Array)
#4 C:\xampp\htdocs\wp-movement-sports\wp-includes\template-loader.php(13): do_action('template_redire...')
#5 C:\xampp\htdocs\wp-movement-sports\wp-blog-header.php(19): require_once('C:\\xampp\\htdocs...')
#6 C:\xampp\htdocs\wp-movement-sports\index.php(17): require('C:\\xampp\\htdocs...')
#7 {main}
  thrown in C:\xampp\htdocs\wp-movement-sports\wp-includes\customize\class-wp-customize-partial.php on line 221

2022-06-07T15:09:07+00:00 CRITICAL Uncaught TypeError: call_user_func(): Argument #1 ($callback) must be a valid callback, non-static method Astra_Builder_Header::header_woo_cart() cannot be called statically in C:\xampp\htdocs\wp-movement-sports\wp-includes\customize\class-wp-customize-partial.php:221
Stack trace:
#0 C:\xampp\htdocs\wp-movement-sports\wp-includes\customize\class-wp-customize-selective-refresh.php(371): WP_Customize_Partial->render(Array)
#1 C:\xampp\htdocs\wp-movement-sports\wp-includes\class-wp-hook.php(307): WP_Customize_Selective_Refresh->handle_render_partials_request('')
#2 C:\xampp\htdocs\wp-movement-sports\wp-includes\class-wp-hook.php(331): WP_Hook->apply_filters(NULL, Array)
#3 C:\xampp\htdocs\wp-movement-sports\wp-includes\plugin.php(476): WP_Hook->do_action(Array)
#4 C:\xampp\htdocs\wp-movement-sports\wp-includes\template-loader.php(13): do_action('template_redire...')
#5 C:\xampp\htdocs\wp-movement-sports\wp-blog-header.php(19): require_once('C:\\xampp\\htdocs...')
#6 C:\xampp\htdocs\wp-movement-sports\index.php(17): require('C:\\xampp\\htdocs...')
#7 {main}
  thrown in C:\xampp\htdocs\wp-movement-sports\wp-includes\customize\class-wp-customize-partial.php on line 221

2022-06-07T15:09:09+00:00 CRITICAL Uncaught TypeError: call_user_func(): Argument #1 ($callback) must be a valid callback, non-static method Astra_Builder_Header::header_woo_cart() cannot be called statically in C:\xampp\htdocs\wp-movement-sports\wp-includes\customize\class-wp-customize-partial.php:221
Stack trace:
#0 C:\xampp\htdocs\wp-movement-sports\wp-includes\customize\class-wp-customize-selective-refresh.php(371): WP_Customize_Partial->render(Array)
#1 C:\xampp\htdocs\wp-movement-sports\wp-includes\class-wp-hook.php(307): WP_Customize_Selective_Refresh->handle_render_partials_request('')
#2 C:\xampp\htdocs\wp-movement-sports\wp-includes\class-wp-hook.php(331): WP_Hook->apply_filters(NULL, Array)
#3 C:\xampp\htdocs\wp-movement-sports\wp-includes\plugin.php(476): WP_Hook->do_action(Array)
#4 C:\xampp\htdocs\wp-movement-sports\wp-includes\template-loader.php(13): do_action('template_redire...')
#5 C:\xampp\htdocs\wp-movement-sports\wp-blog-header.php(19): require_once('C:\\xampp\\htdocs...')
#6 C:\xampp\htdocs\wp-movement-sports\index.php(17): require('C:\\xampp\\htdocs...')
#7 {main}
  thrown in C:\xampp\htdocs\wp-movement-sports\wp-includes\customize\class-wp-customize-partial.php on line 221

2022-06-07T15:09:19+00:00 CRITICAL Uncaught TypeError: call_user_func(): Argument #1 ($callback) must be a valid callback, non-static method Astra_Builder_Header::header_woo_cart() cannot be called statically in C:\xampp\htdocs\wp-movement-sports\wp-includes\customize\class-wp-customize-partial.php:221
Stack trace:
#0 C:\xampp\htdocs\wp-movement-sports\wp-includes\customize\class-wp-customize-selective-refresh.php(371): WP_Customize_Partial->render(Array)
#1 C:\xampp\htdocs\wp-movement-sports\wp-includes\class-wp-hook.php(307): WP_Customize_Selective_Refresh->handle_render_partials_request('')
#2 C:\xampp\htdocs\wp-movement-sports\wp-includes\class-wp-hook.php(331): WP_Hook->apply_filters(NULL, Array)
#3 C:\xampp\htdocs\wp-movement-sports\wp-includes\plugin.php(476): WP_Hook->do_action(Array)
#4 C:\xampp\htdocs\wp-movement-sports\wp-includes\template-loader.php(13): do_action('template_redire...')
#5 C:\xampp\htdocs\wp-movement-sports\wp-blog-header.php(19): require_once('C:\\xampp\\htdocs...')
#6 C:\xampp\htdocs\wp-movement-sports\index.php(17): require('C:\\xampp\\htdocs...')
#7 {main}
  thrown in C:\xampp\htdocs\wp-movement-sports\wp-includes\customize\class-wp-customize-partial.php on line 221

2022-06-07T15:09:27+00:00 CRITICAL Uncaught TypeError: call_user_func(): Argument #1 ($callback) must be a valid callback, non-static method Astra_Builder_Header::header_woo_cart() cannot be called statically in C:\xampp\htdocs\wp-movement-sports\wp-includes\customize\class-wp-customize-partial.php:221
Stack trace:
#0 C:\xampp\htdocs\wp-movement-sports\wp-includes\customize\class-wp-customize-selective-refresh.php(371): WP_Customize_Partial->render(Array)
#1 C:\xampp\htdocs\wp-movement-sports\wp-includes\class-wp-hook.php(307): WP_Customize_Selective_Refresh->handle_render_partials_request('')
#2 C:\xampp\htdocs\wp-movement-sports\wp-includes\class-wp-hook.php(331): WP_Hook->apply_filters(NULL, Array)
#3 C:\xampp\htdocs\wp-movement-sports\wp-includes\plugin.php(476): WP_Hook->do_action(Array)
#4 C:\xampp\htdocs\wp-movement-sports\wp-includes\template-loader.php(13): do_action('template_redire...')
#5 C:\xampp\htdocs\wp-movement-sports\wp-blog-header.php(19): require_once('C:\\xampp\\htdocs...')
#6 C:\xampp\htdocs\wp-movement-sports\index.php(17): require('C:\\xampp\\htdocs...')
#7 {main}
  thrown in C:\xampp\htdocs\wp-movement-sports\wp-includes\customize\class-wp-customize-partial.php on line 221

2022-06-07T15:09:55+00:00 CRITICAL Uncaught TypeError: call_user_func(): Argument #1 ($callback) must be a valid callback, non-static method Astra_Builder_Header::header_woo_cart() cannot be called statically in C:\xampp\htdocs\wp-movement-sports\wp-includes\customize\class-wp-customize-partial.php:221
Stack trace:
#0 C:\xampp\htdocs\wp-movement-sports\wp-includes\customize\class-wp-customize-selective-refresh.php(371): WP_Customize_Partial->render(Array)
#1 C:\xampp\htdocs\wp-movement-sports\wp-includes\class-wp-hook.php(307): WP_Customize_Selective_Refresh->handle_render_partials_request('')
#2 C:\xampp\htdocs\wp-movement-sports\wp-includes\class-wp-hook.php(331): WP_Hook->apply_filters(NULL, Array)
#3 C:\xampp\htdocs\wp-movement-sports\wp-includes\plugin.php(476): WP_Hook->do_action(Array)
#4 C:\xampp\htdocs\wp-movement-sports\wp-includes\template-loader.php(13): do_action('template_redire...')
#5 C:\xampp\htdocs\wp-movement-sports\wp-blog-header.php(19): require_once('C:\\xampp\\htdocs...')
#6 C:\xampp\htdocs\wp-movement-sports\index.php(17): require('C:\\xampp\\htdocs...')
#7 {main}
  thrown in C:\xampp\htdocs\wp-movement-sports\wp-includes\customize\class-wp-customize-partial.php on line 221

2022-06-07T15:15:47+00:00 CRITICAL Uncaught TypeError: call_user_func(): Argument #1 ($callback) must be a valid callback, non-static method Astra_Builder_Header::header_woo_cart() cannot be called statically in C:\xampp\htdocs\wp-movement-sports\wp-includes\customize\class-wp-customize-partial.php:221
Stack trace:
#0 C:\xampp\htdocs\wp-movement-sports\wp-includes\customize\class-wp-customize-selective-refresh.php(371): WP_Customize_Partial->render(Array)
#1 C:\xampp\htdocs\wp-movement-sports\wp-includes\class-wp-hook.php(307): WP_Customize_Selective_Refresh->handle_render_partials_request('')
#2 C:\xampp\htdocs\wp-movement-sports\wp-includes\class-wp-hook.php(331): WP_Hook->apply_filters(NULL, Array)
#3 C:\xampp\htdocs\wp-movement-sports\wp-includes\plugin.php(476): WP_Hook->do_action(Array)
#4 C:\xampp\htdocs\wp-movement-sports\wp-includes\template-loader.php(13): do_action('template_redire...')
#5 C:\xampp\htdocs\wp-movement-sports\wp-blog-header.php(19): require_once('C:\\xampp\\htdocs...')
#6 C:\xampp\htdocs\wp-movement-sports\index.php(17): require('C:\\xampp\\htdocs...')
#7 {main}
  thrown in C:\xampp\htdocs\wp-movement-sports\wp-includes\customize\class-wp-customize-partial.php on line 221

2022-06-07T15:15:53+00:00 CRITICAL Uncaught TypeError: call_user_func(): Argument #1 ($callback) must be a valid callback, non-static method Astra_Builder_Header::header_woo_cart() cannot be called statically in C:\xampp\htdocs\wp-movement-sports\wp-includes\customize\class-wp-customize-partial.php:221
Stack trace:
#0 C:\xampp\htdocs\wp-movement-sports\wp-includes\customize\class-wp-customize-selective-refresh.php(371): WP_Customize_Partial->render(Array)
#1 C:\xampp\htdocs\wp-movement-sports\wp-includes\class-wp-hook.php(307): WP_Customize_Selective_Refresh->handle_render_partials_request('')
#2 C:\xampp\htdocs\wp-movement-sports\wp-includes\class-wp-hook.php(331): WP_Hook->apply_filters(NULL, Array)
#3 C:\xampp\htdocs\wp-movement-sports\wp-includes\plugin.php(476): WP_Hook->do_action(Array)
#4 C:\xampp\htdocs\wp-movement-sports\wp-includes\template-loader.php(13): do_action('template_redire...')
#5 C:\xampp\htdocs\wp-movement-sports\wp-blog-header.php(19): require_once('C:\\xampp\\htdocs...')
#6 C:\xampp\htdocs\wp-movement-sports\index.php(17): require('C:\\xampp\\htdocs...')
#7 {main}
  thrown in C:\xampp\htdocs\wp-movement-sports\wp-includes\customize\class-wp-customize-partial.php on line 221

2022-06-07T15:16:16+00:00 CRITICAL Uncaught TypeError: call_user_func(): Argument #1 ($callback) must be a valid callback, non-static method Astra_Builder_Header::header_woo_cart() cannot be called statically in C:\xampp\htdocs\wp-movement-sports\wp-includes\customize\class-wp-customize-partial.php:221
Stack trace:
#0 C:\xampp\htdocs\wp-movement-sports\wp-includes\customize\class-wp-customize-selective-refresh.php(371): WP_Customize_Partial->render(Array)
#1 C:\xampp\htdocs\wp-movement-sports\wp-includes\class-wp-hook.php(307): WP_Customize_Selective_Refresh->handle_render_partials_request('')
#2 C:\xampp\htdocs\wp-movement-sports\wp-includes\class-wp-hook.php(331): WP_Hook->apply_filters(NULL, Array)
#3 C:\xampp\htdocs\wp-movement-sports\wp-includes\plugin.php(476): WP_Hook->do_action(Array)
#4 C:\xampp\htdocs\wp-movement-sports\wp-includes\template-loader.php(13): do_action('template_redire...')
#5 C:\xampp\htdocs\wp-movement-sports\wp-blog-header.php(19): require_once('C:\\xampp\\htdocs...')
#6 C:\xampp\htdocs\wp-movement-sports\index.php(17): require('C:\\xampp\\htdocs...')
#7 {main}
  thrown in C:\xampp\htdocs\wp-movement-sports\wp-includes\customize\class-wp-customize-partial.php on line 221

2022-06-07T15:16:22+00:00 CRITICAL Uncaught TypeError: call_user_func(): Argument #1 ($callback) must be a valid callback, non-static method Astra_Builder_Header::header_woo_cart() cannot be called statically in C:\xampp\htdocs\wp-movement-sports\wp-includes\customize\class-wp-customize-partial.php:221
Stack trace:
#0 C:\xampp\htdocs\wp-movement-sports\wp-includes\customize\class-wp-customize-selective-refresh.php(371): WP_Customize_Partial->render(Array)
#1 C:\xampp\htdocs\wp-movement-sports\wp-includes\class-wp-hook.php(307): WP_Customize_Selective_Refresh->handle_render_partials_request('')
#2 C:\xampp\htdocs\wp-movement-sports\wp-includes\class-wp-hook.php(331): WP_Hook->apply_filters(NULL, Array)
#3 C:\xampp\htdocs\wp-movement-sports\wp-includes\plugin.php(476): WP_Hook->do_action(Array)
#4 C:\xampp\htdocs\wp-movement-sports\wp-includes\template-loader.php(13): do_action('template_redire...')
#5 C:\xampp\htdocs\wp-movement-sports\wp-blog-header.php(19): require_once('C:\\xampp\\htdocs...')
#6 C:\xampp\htdocs\wp-movement-sports\index.php(17): require('C:\\xampp\\htdocs...')
#7 {main}
  thrown in C:\xampp\htdocs\wp-movement-sports\wp-includes\customize\class-wp-customize-partial.php on line 221

